0 info it worked if it ends with ok
1 verbose cli [ 'node',
1 verbose cli   '/usr/local/bin/npm',
1 verbose cli   'install',
1 verbose cli   'grunt-sassyclean',
1 verbose cli   '--save-dev' ]
2 info using npm@2.14.4
3 info using node@v0.12.0
4 verbose install initial load of /Users/acd818/Downloads/GotList_P-L-master 4/gotlist/AngularGotlist/package.json
5 verbose installManyTop reading scoped package data from /Users/acd818/Downloads/GotList_P-L-master 4/gotlist/AngularGotlist/node_modules/bower/package.json
6 verbose installManyTop reading scoped package data from /Users/acd818/Downloads/GotList_P-L-master 4/gotlist/AngularGotlist/node_modules/http-server/package.json
7 verbose installManyTop reading scoped package data from /Users/acd818/Downloads/GotList_P-L-master 4/gotlist/AngularGotlist/node_modules/karma/package.json
8 verbose installManyTop reading scoped package data from /Users/acd818/Downloads/GotList_P-L-master 4/gotlist/AngularGotlist/node_modules/karma-chrome-launcher/package.json
9 verbose installManyTop reading scoped package data from /Users/acd818/Downloads/GotList_P-L-master 4/gotlist/AngularGotlist/node_modules/karma-coffee-preprocessor/package.json
10 verbose installManyTop reading scoped package data from /Users/acd818/Downloads/GotList_P-L-master 4/gotlist/AngularGotlist/node_modules/karma-firefox-launcher/package.json
11 verbose installManyTop reading scoped package data from /Users/acd818/Downloads/GotList_P-L-master 4/gotlist/AngularGotlist/node_modules/karma-html2js-preprocessor/package.json
12 verbose installManyTop reading scoped package data from /Users/acd818/Downloads/GotList_P-L-master 4/gotlist/AngularGotlist/node_modules/karma-jasmine/package.json
13 verbose installManyTop reading scoped package data from /Users/acd818/Downloads/GotList_P-L-master 4/gotlist/AngularGotlist/node_modules/karma-junit-reporter/package.json
14 verbose installManyTop reading scoped package data from /Users/acd818/Downloads/GotList_P-L-master 4/gotlist/AngularGotlist/node_modules/karma-phantomjs-launcher/package.json
15 verbose installManyTop reading scoped package data from /Users/acd818/Downloads/GotList_P-L-master 4/gotlist/AngularGotlist/node_modules/karma-requirejs/package.json
16 verbose installManyTop reading scoped package data from /Users/acd818/Downloads/GotList_P-L-master 4/gotlist/AngularGotlist/node_modules/karma-script-launcher/package.json
17 verbose installManyTop reading scoped package data from /Users/acd818/Downloads/GotList_P-L-master 4/gotlist/AngularGotlist/node_modules/pagination/package.json
18 verbose installManyTop reading scoped package data from /Users/acd818/Downloads/GotList_P-L-master 4/gotlist/AngularGotlist/node_modules/protractor/package.json
19 verbose installManyTop reading scoped package data from /Users/acd818/Downloads/GotList_P-L-master 4/gotlist/AngularGotlist/node_modules/requirejs/package.json
20 verbose installManyTop reading scoped package data from /Users/acd818/Downloads/GotList_P-L-master 4/gotlist/AngularGotlist/node_modules/shelljs/package.json
21 info package.json http-server@0.6.1 No license field.
22 info package.json karma@0.10.10 No license field.
23 info package.json pagination@0.4.4 No license field.
24 info package.json requirejs@2.1.22 No license field.
25 info package.json shelljs@0.2.6 No license field.
26 verbose readDependencies loading dependencies from /Users/acd818/Downloads/GotList_P-L-master 4/gotlist/AngularGotlist/package.json
27 silly cache add args [ 'grunt-sassyclean', null ]
28 verbose cache add spec grunt-sassyclean
29 silly cache add parsed spec { raw: 'grunt-sassyclean',
29 silly cache add   scope: null,
29 silly cache add   name: 'grunt-sassyclean',
29 silly cache add   rawSpec: '',
29 silly cache add   spec: '*',
29 silly cache add   type: 'range' }
30 silly addNamed grunt-sassyclean@*
31 verbose addNamed "*" is a valid semver range for grunt-sassyclean
32 silly addNameRange { name: 'grunt-sassyclean', range: '*', hasData: false }
33 silly mapToRegistry name grunt-sassyclean
34 silly mapToRegistry using default registry
35 silly mapToRegistry registry http://registry.npmjs.org/
36 silly mapToRegistry uri http://registry.npmjs.org/grunt-sassyclean
37 verbose addNameRange registry:http://registry.npmjs.org/grunt-sassyclean not in flight; fetching
38 verbose request uri http://registry.npmjs.org/grunt-sassyclean
39 verbose request no auth needed
40 info attempt registry request try #1 at 10:55:43 AM
41 verbose request id cfc695271627cbb8
42 http request GET http://registry.npmjs.org/grunt-sassyclean
43 http 500 http://registry.npmjs.org/grunt-sassyclean
44 verbose bad json <!DOCTYPE HTML PUBLIC "-//W3C//DTD HTML 4.01//EN" "http://www.w3.org/TR/html4/strict.dtd">
44 verbose bad json <html><head>
44 verbose bad json <meta http-equiv="Content-Type" content="text/html; charset=utf-8">
44 verbose bad json <title>ERROR: The requested URL could not be retrieved</title>
44 verbose bad json <style type="text/css"><!--
44 verbose bad json  /*
44 verbose bad json  Stylesheet for Squid Error pages
44 verbose bad json  Adapted from design by Free CSS Templates
44 verbose bad json  http://www.freecsstemplates.org
44 verbose bad json  Released for free under a Creative Commons Attribution 2.5 License
44 verbose bad json */
44 verbose bad json
44 verbose bad json /* Page basics */
44 verbose bad json * {
44 verbose bad json 	font-family: verdana, sans-serif;
44 verbose bad json }
44 verbose bad json
44 verbose bad json html body {
44 verbose bad json 	margin: 0;
44 verbose bad json 	padding: 0;
44 verbose bad json 	background: #efefef;
44 verbose bad json 	font-size: 12px;
44 verbose bad json 	color: #1e1e1e;
44 verbose bad json }
44 verbose bad json
44 verbose bad json /* Page displayed title area */
44 verbose bad json #titles {
44 verbose bad json 	margin-left: 15px;
44 verbose bad json 	padding: 10px;
44 verbose bad json 	padding-left: 100px;
44 verbose bad json 	background: url('http://www.squid-cache.org/Artwork/SN.png') no-repeat left;
44 verbose bad json }
44 verbose bad json
44 verbose bad json /* initial title */
44 verbose bad json #titles h1 {
44 verbose bad json 	color: #000000;
44 verbose bad json }
44 verbose bad json #titles h2 {
44 verbose bad json 	color: #000000;
44 verbose bad json }
44 verbose bad json
44 verbose bad json /* special event: FTP success page titles */
44 verbose bad json #titles ftpsuccess {
44 verbose bad json 	background-color:#00ff00;
44 verbose bad json 	width:100%;
44 verbose bad json }
44 verbose bad json
44 verbose bad json /* Page displayed body content area */
44 verbose bad json #content {
44 verbose bad json 	padding: 10px;
44 verbose bad json 	background: #ffffff;
44 verbose bad json }
44 verbose bad json
44 verbose bad json /* General text */
44 verbose bad json p {
44 verbose bad json }
44 verbose bad json
44 verbose bad json /* error brief description */
44 verbose bad json #error p {
44 verbose bad json }
44 verbose bad json
44 verbose bad json /* some data which may have caused the problem */
44 verbose bad json #data {
44 verbose bad json }
44 verbose bad json
44 verbose bad json /* the error message received from the system or other software */
44 verbose bad json #sysmsg {
44 verbose bad json }
44 verbose bad json
44 verbose bad json pre {
44 verbose bad json     font-family:sans-serif;
44 verbose bad json }
44 verbose bad json
44 verbose bad json /* special event: FTP / Gopher directory listing */
44 verbose bad json #dirmsg {
44 verbose bad json     font-family: courier;
44 verbose bad json     color: black;
44 verbose bad json     font-size: 10pt;
44 verbose bad json }
44 verbose bad json #dirlisting {
44 verbose bad json     margin-left: 2%;
44 verbose bad json     margin-right: 2%;
44 verbose bad json }
44 verbose bad json #dirlisting tr.entry td.icon,td.filename,td.size,td.date {
44 verbose bad json     border-bottom: groove;
44 verbose bad json }
44 verbose bad json #dirlisting td.size {
44 verbose bad json     width: 50px;
44 verbose bad json     text-align: right;
44 verbose bad json     padding-right: 5px;
44 verbose bad json }
44 verbose bad json
44 verbose bad json /* horizontal lines */
44 verbose bad json hr {
44 verbose bad json 	margin: 0;
44 verbose bad json }
44 verbose bad json
44 verbose bad json /* page displayed footer area */
44 verbose bad json #footer {
44 verbose bad json 	font-size: 9px;
44 verbose bad json 	padding-left: 10px;
44 verbose bad json }
44 verbose bad json
44 verbose bad json
44 verbose bad json body
44 verbose bad json :lang(fa) { direction: rtl; font-size: 100%; font-family: Tahoma, Roya, sans-serif; float: right; }
44 verbose bad json :lang(he) { direction: rtl; }
44 verbose bad json  --></style>
44 verbose bad json </head><body id=ERR_CANNOT_FORWARD>
44 verbose bad json <div id="titles">
44 verbose bad json <h1>ERROR</h1>
44 verbose bad json <h2>The requested URL could not be retrieved</h2>
44 verbose bad json </div>
44 verbose bad json <hr>
44 verbose bad json
44 verbose bad json <div id="content">
44 verbose bad json <p>The following error was encountered while trying to retrieve the URL: <a href="http://registry.npmjs.org/grunt-sassyclean">http://registry.npmjs.org/grunt-sassyclean</a></p>
44 verbose bad json
44 verbose bad json <blockquote id="error">
44 verbose bad json <p><b>Unable to forward this request at this time.</b></p>
44 verbose bad json </blockquote>
44 verbose bad json
44 verbose bad json <p>This request could not be forwarded to the origin server or to any parent caches.</p>
44 verbose bad json
44 verbose bad json <p>Some possible problems are:</p>
44 verbose bad json <ul>
44 verbose bad json <li id="network-down">An Internet connection needed to access this domains origin servers may be down.</li>
44 verbose bad json <li id="no-peer">All configured parent caches may be currently unreachable.</li>
44 verbose bad json <li id="permission-denied">The administrator may not allow this cache to make direct connections to origin servers.</li>
44 verbose bad json </ul>
44 verbose bad json
44 verbose bad json <p>Your cache administrator is <a href="mailto:webmaster?subject=CacheErrorInfo%20-%20ERR_CANNOT_FORWARD&amp;body=CacheHost%3A%20localhost%0D%0AErrPage%3A%20ERR_CANNOT_FORWARD%0D%0AErr%3A%20%5Bnone%5D%0D%0ATimeStamp%3A%20Sun,%2007%20Aug%202016%2009%3A55%3A43%20GMT%0D%0A%0D%0AClientIP%3A%20127.0.0.1%0D%0A%0D%0AHTTP%20Request%3A%0D%0AGET%20%2Fgrunt-sassyclean%20HTTP%2F1.1%0AAccept-Encoding%3A%20gzip%0D%0Aversion%3A%202.14.4%0D%0AAccept%3A%20application%2Fjson%0D%0AReferer%3A%20install%20grunt-sassyclean%0D%0Anpm-session%3A%20cfc695271627cbb8%0D%0AUser-Agent%3A%20npm%2F2.14.4%20node%2Fv0.12.0%20darwin%20x64%0D%0AHost%3A%20registry.npmjs.org%0D%0AConnection%3A%20keep-alive%0D%0A%0D%0A%0D%0A">webmaster</a>.</p>
44 verbose bad json
44 verbose bad json <br>
44 verbose bad json </div>
44 verbose bad json
44 verbose bad json <hr>
44 verbose bad json <div id="footer">
44 verbose bad json <p>Generated Sun, 07 Aug 2016 09:55:43 GMT by localhost (squid/3.4.9)</p>
44 verbose bad json <!-- ERR_CANNOT_FORWARD -->
44 verbose bad json </div>
44 verbose bad json </body></html>
45 error registry error parsing json
46 info retry will retry, error on last attempt: SyntaxError: Unexpected token <
46 info retry <!DOCTYPE HTML PUBLIC "-//W3C//DTD HTML 4.01//EN" "http://www.w3.org/TR/html4/strict.dtd">
46 info retry <html><head>
46 info retry <meta http-equiv="Content-Type" content="text/html; charset=utf-8">
46 info retry <title>ERROR: The requested URL could not be retrieved</title>
46 info retry <style type="text/css"><!--
46 info retry  /*
46 info retry  Stylesheet for Squid Error pages
46 info retry  Adapted from design by Free CSS Templates
46 info retry  http://www.freecsstemplates.org
46 info retry  Released for free under a Creative Commons Attribution 2.5 License
46 info retry */
46 info retry
46 info retry /* Page basics */
46 info retry * {
46 info retry 	font-family: verdana, sans-serif;
46 info retry }
46 info retry
46 info retry html body {
46 info retry 	margin: 0;
46 info retry 	padding: 0;
46 info retry 	background: #efefef;
46 info retry 	font-size: 12px;
46 info retry 	color: #1e1e1e;
46 info retry }
46 info retry
46 info retry /* Page displayed title area */
46 info retry #titles {
46 info retry 	margin-left: 15px;
46 info retry 	padding: 10px;
46 info retry 	padding-left: 100px;
46 info retry 	background: url('http://www.squid-cache.org/Artwork/SN.png') no-repeat left;
46 info retry }
46 info retry
46 info retry /* initial title */
46 info retry #titles h1 {
46 info retry 	color: #000000;
46 info retry }
46 info retry #titles h2 {
46 info retry 	color: #000000;
46 info retry }
46 info retry
46 info retry /* special event: FTP success page titles */
46 info retry #titles ftpsuccess {
46 info retry 	background-color:#00ff00;
46 info retry 	width:100%;
46 info retry }
46 info retry
46 info retry /* Page displayed body content area */
46 info retry #content {
46 info retry 	padding: 10px;
46 info retry 	background: #ffffff;
46 info retry }
46 info retry
46 info retry /* General text */
46 info retry p {
46 info retry }
46 info retry
46 info retry /* error brief description */
46 info retry #error p {
46 info retry }
46 info retry
46 info retry /* some data which may have caused the problem */
46 info retry #data {
46 info retry }
46 info retry
46 info retry /* the error message received from the system or other software */
46 info retry #sysmsg {
46 info retry }
46 info retry
46 info retry pre {
46 info retry     font-family:sans-serif;
46 info retry }
46 info retry
46 info retry /* special event: FTP / Gopher directory listing */
46 info retry #dirmsg {
46 info retry     font-family: courier;
46 info retry     color: black;
46 info retry     font-size: 10pt;
46 info retry }
46 info retry #dirlisting {
46 info retry     margin-left: 2%;
46 info retry     margin-right: 2%;
46 info retry }
46 info retry #dirlisting tr.entry td.icon,td.filename,td.size,td.date {
46 info retry     border-bottom: groove;
46 info retry }
46 info retry #dirlisting td.size {
46 info retry     width: 50px;
46 info retry     text-align: right;
46 info retry     padding-right: 5px;
46 info retry }
46 info retry
46 info retry /* horizontal lines */
46 info retry hr {
46 info retry 	margin: 0;
46 info retry }
46 info retry
46 info retry /* page displayed footer area */
46 info retry #footer {
46 info retry 	font-size: 9px;
46 info retry 	padding-left: 10px;
46 info retry }
46 info retry
46 info retry
46 info retry body
46 info retry :lang(fa) { direction: rtl; font-size: 100%; font-family: Tahoma, Roya, sans-serif; float: right; }
46 info retry :lang(he) { direction: rtl; }
46 info retry  --></style>
46 info retry </head><body id=ERR_CANNOT_FORWARD>
46 info retry <div id="titles">
46 info retry <h1>ERROR</h1>
46 info retry <h2>The requested URL could not be retrieved</h2>
46 info retry </div>
46 info retry <hr>
46 info retry
46 info retry <div id="content">
46 info retry <p>The following error was encountered while trying to retrieve the URL: <a href="http://registry.npmjs.org/grunt-sassyclean">http://registry.npmjs.org/grunt-sassyclean</a></p>
46 info retry
46 info retry <blockquote id="error">
46 info retry <p><b>Unable to forward this request at this time.</b></p>
46 info retry </blockquote>
46 info retry
46 info retry <p>This request could not be forwarded to the origin server or to any parent caches.</p>
46 info retry
46 info retry <p>Some possible problems are:</p>
46 info retry <ul>
46 info retry <li id="network-down">An Internet connection needed to access this domains origin servers may be down.</li>
46 info retry <li id="no-peer">All configured parent caches may be currently unreachable.</li>
46 info retry <li id="permission-denied">The administrator may not allow this cache to make direct connections to origin servers.</li>
46 info retry </ul>
46 info retry
46 info retry <p>Your cache administrator is <a href="mailto:webmaster?subject=CacheErrorInfo%20-%20ERR_CANNOT_FORWARD&amp;body=CacheHost%3A%20localhost%0D%0AErrPage%3A%20ERR_CANNOT_FORWARD%0D%0AErr%3A%20%5Bnone%5D%0D%0ATimeStamp%3A%20Sun,%2007%20Aug%202016%2009%3A55%3A43%20GMT%0D%0A%0D%0AClientIP%3A%20127.0.0.1%0D%0A%0D%0AHTTP%20Request%3A%0D%0AGET%20%2Fgrunt-sassyclean%20HTTP%2F1.1%0AAccept-Encoding%3A%20gzip%0D%0Aversion%3A%202.14.4%0D%0AAccept%3A%20application%2Fjson%0D%0AReferer%3A%20install%20grunt-sassyclean%0D%0Anpm-session%3A%20cfc695271627cbb8%0D%0AUser-Agent%3A%20npm%2F2.14.4%20node%2Fv0.12.0%20darwin%20x64%0D%0AHost%3A%20registry.npmjs.org%0D%0AConnection%3A%20keep-alive%0D%0A%0D%0A%0D%0A">webmaster</a>.</p>
46 info retry
46 info retry <br>
46 info retry </div>
46 info retry
46 info retry <hr>
46 info retry <div id="footer">
46 info retry <p>Generated Sun, 07 Aug 2016 09:55:43 GMT by localhost (squid/3.4.9)</p>
46 info retry <!-- ERR_CANNOT_FORWARD -->
46 info retry </div>
46 info retry </body></html>
47 info attempt registry request try #2 at 10:55:53 AM
48 http request GET http://registry.npmjs.org/grunt-sassyclean
49 http 500 http://registry.npmjs.org/grunt-sassyclean
50 verbose bad json <!DOCTYPE HTML PUBLIC "-//W3C//DTD HTML 4.01//EN" "http://www.w3.org/TR/html4/strict.dtd">
50 verbose bad json <html><head>
50 verbose bad json <meta http-equiv="Content-Type" content="text/html; charset=utf-8">
50 verbose bad json <title>ERROR: The requested URL could not be retrieved</title>
50 verbose bad json <style type="text/css"><!--
50 verbose bad json  /*
50 verbose bad json  Stylesheet for Squid Error pages
50 verbose bad json  Adapted from design by Free CSS Templates
50 verbose bad json  http://www.freecsstemplates.org
50 verbose bad json  Released for free under a Creative Commons Attribution 2.5 License
50 verbose bad json */
50 verbose bad json
50 verbose bad json /* Page basics */
50 verbose bad json * {
50 verbose bad json 	font-family: verdana, sans-serif;
50 verbose bad json }
50 verbose bad json
50 verbose bad json html body {
50 verbose bad json 	margin: 0;
50 verbose bad json 	padding: 0;
50 verbose bad json 	background: #efefef;
50 verbose bad json 	font-size: 12px;
50 verbose bad json 	color: #1e1e1e;
50 verbose bad json }
50 verbose bad json
50 verbose bad json /* Page displayed title area */
50 verbose bad json #titles {
50 verbose bad json 	margin-left: 15px;
50 verbose bad json 	padding: 10px;
50 verbose bad json 	padding-left: 100px;
50 verbose bad json 	background: url('http://www.squid-cache.org/Artwork/SN.png') no-repeat left;
50 verbose bad json }
50 verbose bad json
50 verbose bad json /* initial title */
50 verbose bad json #titles h1 {
50 verbose bad json 	color: #000000;
50 verbose bad json }
50 verbose bad json #titles h2 {
50 verbose bad json 	color: #000000;
50 verbose bad json }
50 verbose bad json
50 verbose bad json /* special event: FTP success page titles */
50 verbose bad json #titles ftpsuccess {
50 verbose bad json 	background-color:#00ff00;
50 verbose bad json 	width:100%;
50 verbose bad json }
50 verbose bad json
50 verbose bad json /* Page displayed body content area */
50 verbose bad json #content {
50 verbose bad json 	padding: 10px;
50 verbose bad json 	background: #ffffff;
50 verbose bad json }
50 verbose bad json
50 verbose bad json /* General text */
50 verbose bad json p {
50 verbose bad json }
50 verbose bad json
50 verbose bad json /* error brief description */
50 verbose bad json #error p {
50 verbose bad json }
50 verbose bad json
50 verbose bad json /* some data which may have caused the problem */
50 verbose bad json #data {
50 verbose bad json }
50 verbose bad json
50 verbose bad json /* the error message received from the system or other software */
50 verbose bad json #sysmsg {
50 verbose bad json }
50 verbose bad json
50 verbose bad json pre {
50 verbose bad json     font-family:sans-serif;
50 verbose bad json }
50 verbose bad json
50 verbose bad json /* special event: FTP / Gopher directory listing */
50 verbose bad json #dirmsg {
50 verbose bad json     font-family: courier;
50 verbose bad json     color: black;
50 verbose bad json     font-size: 10pt;
50 verbose bad json }
50 verbose bad json #dirlisting {
50 verbose bad json     margin-left: 2%;
50 verbose bad json     margin-right: 2%;
50 verbose bad json }
50 verbose bad json #dirlisting tr.entry td.icon,td.filename,td.size,td.date {
50 verbose bad json     border-bottom: groove;
50 verbose bad json }
50 verbose bad json #dirlisting td.size {
50 verbose bad json     width: 50px;
50 verbose bad json     text-align: right;
50 verbose bad json     padding-right: 5px;
50 verbose bad json }
50 verbose bad json
50 verbose bad json /* horizontal lines */
50 verbose bad json hr {
50 verbose bad json 	margin: 0;
50 verbose bad json }
50 verbose bad json
50 verbose bad json /* page displayed footer area */
50 verbose bad json #footer {
50 verbose bad json 	font-size: 9px;
50 verbose bad json 	padding-left: 10px;
50 verbose bad json }
50 verbose bad json
50 verbose bad json
50 verbose bad json body
50 verbose bad json :lang(fa) { direction: rtl; font-size: 100%; font-family: Tahoma, Roya, sans-serif; float: right; }
50 verbose bad json :lang(he) { direction: rtl; }
50 verbose bad json  --></style>
50 verbose bad json </head><body id=ERR_CANNOT_FORWARD>
50 verbose bad json <div id="titles">
50 verbose bad json <h1>ERROR</h1>
50 verbose bad json <h2>The requested URL could not be retrieved</h2>
50 verbose bad json </div>
50 verbose bad json <hr>
50 verbose bad json
50 verbose bad json <div id="content">
50 verbose bad json <p>The following error was encountered while trying to retrieve the URL: <a href="http://registry.npmjs.org/grunt-sassyclean">http://registry.npmjs.org/grunt-sassyclean</a></p>
50 verbose bad json
50 verbose bad json <blockquote id="error">
50 verbose bad json <p><b>Unable to forward this request at this time.</b></p>
50 verbose bad json </blockquote>
50 verbose bad json
50 verbose bad json <p>This request could not be forwarded to the origin server or to any parent caches.</p>
50 verbose bad json
50 verbose bad json <p>Some possible problems are:</p>
50 verbose bad json <ul>
50 verbose bad json <li id="network-down">An Internet connection needed to access this domains origin servers may be down.</li>
50 verbose bad json <li id="no-peer">All configured parent caches may be currently unreachable.</li>
50 verbose bad json <li id="permission-denied">The administrator may not allow this cache to make direct connections to origin servers.</li>
50 verbose bad json </ul>
50 verbose bad json
50 verbose bad json <p>Your cache administrator is <a href="mailto:webmaster?subject=CacheErrorInfo%20-%20ERR_CANNOT_FORWARD&amp;body=CacheHost%3A%20localhost%0D%0AErrPage%3A%20ERR_CANNOT_FORWARD%0D%0AErr%3A%20%5Bnone%5D%0D%0ATimeStamp%3A%20Sun,%2007%20Aug%202016%2009%3A55%3A53%20GMT%0D%0A%0D%0AClientIP%3A%20127.0.0.1%0D%0A%0D%0AHTTP%20Request%3A%0D%0AGET%20%2Fgrunt-sassyclean%20HTTP%2F1.1%0AAccept-Encoding%3A%20gzip%0D%0Aversion%3A%202.14.4%0D%0AAccept%3A%20application%2Fjson%0D%0AReferer%3A%20install%20grunt-sassyclean%0D%0Anpm-session%3A%20cfc695271627cbb8%0D%0AUser-Agent%3A%20npm%2F2.14.4%20node%2Fv0.12.0%20darwin%20x64%0D%0AHost%3A%20registry.npmjs.org%0D%0AConnection%3A%20keep-alive%0D%0A%0D%0A%0D%0A">webmaster</a>.</p>
50 verbose bad json
50 verbose bad json <br>
50 verbose bad json </div>
50 verbose bad json
50 verbose bad json <hr>
50 verbose bad json <div id="footer">
50 verbose bad json <p>Generated Sun, 07 Aug 2016 09:55:53 GMT by localhost (squid/3.4.9)</p>
50 verbose bad json <!-- ERR_CANNOT_FORWARD -->
50 verbose bad json </div>
50 verbose bad json </body></html>
51 error registry error parsing json
52 info retry will retry, error on last attempt: SyntaxError: Unexpected token <
52 info retry <!DOCTYPE HTML PUBLIC "-//W3C//DTD HTML 4.01//EN" "http://www.w3.org/TR/html4/strict.dtd">
52 info retry <html><head>
52 info retry <meta http-equiv="Content-Type" content="text/html; charset=utf-8">
52 info retry <title>ERROR: The requested URL could not be retrieved</title>
52 info retry <style type="text/css"><!--
52 info retry  /*
52 info retry  Stylesheet for Squid Error pages
52 info retry  Adapted from design by Free CSS Templates
52 info retry  http://www.freecsstemplates.org
52 info retry  Released for free under a Creative Commons Attribution 2.5 License
52 info retry */
52 info retry
52 info retry /* Page basics */
52 info retry * {
52 info retry 	font-family: verdana, sans-serif;
52 info retry }
52 info retry
52 info retry html body {
52 info retry 	margin: 0;
52 info retry 	padding: 0;
52 info retry 	background: #efefef;
52 info retry 	font-size: 12px;
52 info retry 	color: #1e1e1e;
52 info retry }
52 info retry
52 info retry /* Page displayed title area */
52 info retry #titles {
52 info retry 	margin-left: 15px;
52 info retry 	padding: 10px;
52 info retry 	padding-left: 100px;
52 info retry 	background: url('http://www.squid-cache.org/Artwork/SN.png') no-repeat left;
52 info retry }
52 info retry
52 info retry /* initial title */
52 info retry #titles h1 {
52 info retry 	color: #000000;
52 info retry }
52 info retry #titles h2 {
52 info retry 	color: #000000;
52 info retry }
52 info retry
52 info retry /* special event: FTP success page titles */
52 info retry #titles ftpsuccess {
52 info retry 	background-color:#00ff00;
52 info retry 	width:100%;
52 info retry }
52 info retry
52 info retry /* Page displayed body content area */
52 info retry #content {
52 info retry 	padding: 10px;
52 info retry 	background: #ffffff;
52 info retry }
52 info retry
52 info retry /* General text */
52 info retry p {
52 info retry }
52 info retry
52 info retry /* error brief description */
52 info retry #error p {
52 info retry }
52 info retry
52 info retry /* some data which may have caused the problem */
52 info retry #data {
52 info retry }
52 info retry
52 info retry /* the error message received from the system or other software */
52 info retry #sysmsg {
52 info retry }
52 info retry
52 info retry pre {
52 info retry     font-family:sans-serif;
52 info retry }
52 info retry
52 info retry /* special event: FTP / Gopher directory listing */
52 info retry #dirmsg {
52 info retry     font-family: courier;
52 info retry     color: black;
52 info retry     font-size: 10pt;
52 info retry }
52 info retry #dirlisting {
52 info retry     margin-left: 2%;
52 info retry     margin-right: 2%;
52 info retry }
52 info retry #dirlisting tr.entry td.icon,td.filename,td.size,td.date {
52 info retry     border-bottom: groove;
52 info retry }
52 info retry #dirlisting td.size {
52 info retry     width: 50px;
52 info retry     text-align: right;
52 info retry     padding-right: 5px;
52 info retry }
52 info retry
52 info retry /* horizontal lines */
52 info retry hr {
52 info retry 	margin: 0;
52 info retry }
52 info retry
52 info retry /* page displayed footer area */
52 info retry #footer {
52 info retry 	font-size: 9px;
52 info retry 	padding-left: 10px;
52 info retry }
52 info retry
52 info retry
52 info retry body
52 info retry :lang(fa) { direction: rtl; font-size: 100%; font-family: Tahoma, Roya, sans-serif; float: right; }
52 info retry :lang(he) { direction: rtl; }
52 info retry  --></style>
52 info retry </head><body id=ERR_CANNOT_FORWARD>
52 info retry <div id="titles">
52 info retry <h1>ERROR</h1>
52 info retry <h2>The requested URL could not be retrieved</h2>
52 info retry </div>
52 info retry <hr>
52 info retry
52 info retry <div id="content">
52 info retry <p>The following error was encountered while trying to retrieve the URL: <a href="http://registry.npmjs.org/grunt-sassyclean">http://registry.npmjs.org/grunt-sassyclean</a></p>
52 info retry
52 info retry <blockquote id="error">
52 info retry <p><b>Unable to forward this request at this time.</b></p>
52 info retry </blockquote>
52 info retry
52 info retry <p>This request could not be forwarded to the origin server or to any parent caches.</p>
52 info retry
52 info retry <p>Some possible problems are:</p>
52 info retry <ul>
52 info retry <li id="network-down">An Internet connection needed to access this domains origin servers may be down.</li>
52 info retry <li id="no-peer">All configured parent caches may be currently unreachable.</li>
52 info retry <li id="permission-denied">The administrator may not allow this cache to make direct connections to origin servers.</li>
52 info retry </ul>
52 info retry
52 info retry <p>Your cache administrator is <a href="mailto:webmaster?subject=CacheErrorInfo%20-%20ERR_CANNOT_FORWARD&amp;body=CacheHost%3A%20localhost%0D%0AErrPage%3A%20ERR_CANNOT_FORWARD%0D%0AErr%3A%20%5Bnone%5D%0D%0ATimeStamp%3A%20Sun,%2007%20Aug%202016%2009%3A55%3A53%20GMT%0D%0A%0D%0AClientIP%3A%20127.0.0.1%0D%0A%0D%0AHTTP%20Request%3A%0D%0AGET%20%2Fgrunt-sassyclean%20HTTP%2F1.1%0AAccept-Encoding%3A%20gzip%0D%0Aversion%3A%202.14.4%0D%0AAccept%3A%20application%2Fjson%0D%0AReferer%3A%20install%20grunt-sassyclean%0D%0Anpm-session%3A%20cfc695271627cbb8%0D%0AUser-Agent%3A%20npm%2F2.14.4%20node%2Fv0.12.0%20darwin%20x64%0D%0AHost%3A%20registry.npmjs.org%0D%0AConnection%3A%20keep-alive%0D%0A%0D%0A%0D%0A">webmaster</a>.</p>
52 info retry
52 info retry <br>
52 info retry </div>
52 info retry
52 info retry <hr>
52 info retry <div id="footer">
52 info retry <p>Generated Sun, 07 Aug 2016 09:55:53 GMT by localhost (squid/3.4.9)</p>
52 info retry <!-- ERR_CANNOT_FORWARD -->
52 info retry </div>
52 info retry </body></html>
53 info attempt registry request try #3 at 10:56:53 AM
54 http request GET http://registry.npmjs.org/grunt-sassyclean
55 http 500 http://registry.npmjs.org/grunt-sassyclean
56 verbose bad json <!DOCTYPE HTML PUBLIC "-//W3C//DTD HTML 4.01//EN" "http://www.w3.org/TR/html4/strict.dtd">
56 verbose bad json <html><head>
56 verbose bad json <meta http-equiv="Content-Type" content="text/html; charset=utf-8">
56 verbose bad json <title>ERROR: The requested URL could not be retrieved</title>
56 verbose bad json <style type="text/css"><!--
56 verbose bad json  /*
56 verbose bad json  Stylesheet for Squid Error pages
56 verbose bad json  Adapted from design by Free CSS Templates
56 verbose bad json  http://www.freecsstemplates.org
56 verbose bad json  Released for free under a Creative Commons Attribution 2.5 License
56 verbose bad json */
56 verbose bad json
56 verbose bad json /* Page basics */
56 verbose bad json * {
56 verbose bad json 	font-family: verdana, sans-serif;
56 verbose bad json }
56 verbose bad json
56 verbose bad json html body {
56 verbose bad json 	margin: 0;
56 verbose bad json 	padding: 0;
56 verbose bad json 	background: #efefef;
56 verbose bad json 	font-size: 12px;
56 verbose bad json 	color: #1e1e1e;
56 verbose bad json }
56 verbose bad json
56 verbose bad json /* Page displayed title area */
56 verbose bad json #titles {
56 verbose bad json 	margin-left: 15px;
56 verbose bad json 	padding: 10px;
56 verbose bad json 	padding-left: 100px;
56 verbose bad json 	background: url('http://www.squid-cache.org/Artwork/SN.png') no-repeat left;
56 verbose bad json }
56 verbose bad json
56 verbose bad json /* initial title */
56 verbose bad json #titles h1 {
56 verbose bad json 	color: #000000;
56 verbose bad json }
56 verbose bad json #titles h2 {
56 verbose bad json 	color: #000000;
56 verbose bad json }
56 verbose bad json
56 verbose bad json /* special event: FTP success page titles */
56 verbose bad json #titles ftpsuccess {
56 verbose bad json 	background-color:#00ff00;
56 verbose bad json 	width:100%;
56 verbose bad json }
56 verbose bad json
56 verbose bad json /* Page displayed body content area */
56 verbose bad json #content {
56 verbose bad json 	padding: 10px;
56 verbose bad json 	background: #ffffff;
56 verbose bad json }
56 verbose bad json
56 verbose bad json /* General text */
56 verbose bad json p {
56 verbose bad json }
56 verbose bad json
56 verbose bad json /* error brief description */
56 verbose bad json #error p {
56 verbose bad json }
56 verbose bad json
56 verbose bad json /* some data which may have caused the problem */
56 verbose bad json #data {
56 verbose bad json }
56 verbose bad json
56 verbose bad json /* the error message received from the system or other software */
56 verbose bad json #sysmsg {
56 verbose bad json }
56 verbose bad json
56 verbose bad json pre {
56 verbose bad json     font-family:sans-serif;
56 verbose bad json }
56 verbose bad json
56 verbose bad json /* special event: FTP / Gopher directory listing */
56 verbose bad json #dirmsg {
56 verbose bad json     font-family: courier;
56 verbose bad json     color: black;
56 verbose bad json     font-size: 10pt;
56 verbose bad json }
56 verbose bad json #dirlisting {
56 verbose bad json     margin-left: 2%;
56 verbose bad json     margin-right: 2%;
56 verbose bad json }
56 verbose bad json #dirlisting tr.entry td.icon,td.filename,td.size,td.date {
56 verbose bad json     border-bottom: groove;
56 verbose bad json }
56 verbose bad json #dirlisting td.size {
56 verbose bad json     width: 50px;
56 verbose bad json     text-align: right;
56 verbose bad json     padding-right: 5px;
56 verbose bad json }
56 verbose bad json
56 verbose bad json /* horizontal lines */
56 verbose bad json hr {
56 verbose bad json 	margin: 0;
56 verbose bad json }
56 verbose bad json
56 verbose bad json /* page displayed footer area */
56 verbose bad json #footer {
56 verbose bad json 	font-size: 9px;
56 verbose bad json 	padding-left: 10px;
56 verbose bad json }
56 verbose bad json
56 verbose bad json
56 verbose bad json body
56 verbose bad json :lang(fa) { direction: rtl; font-size: 100%; font-family: Tahoma, Roya, sans-serif; float: right; }
56 verbose bad json :lang(he) { direction: rtl; }
56 verbose bad json  --></style>
56 verbose bad json </head><body id=ERR_CANNOT_FORWARD>
56 verbose bad json <div id="titles">
56 verbose bad json <h1>ERROR</h1>
56 verbose bad json <h2>The requested URL could not be retrieved</h2>
56 verbose bad json </div>
56 verbose bad json <hr>
56 verbose bad json
56 verbose bad json <div id="content">
56 verbose bad json <p>The following error was encountered while trying to retrieve the URL: <a href="http://registry.npmjs.org/grunt-sassyclean">http://registry.npmjs.org/grunt-sassyclean</a></p>
56 verbose bad json
56 verbose bad json <blockquote id="error">
56 verbose bad json <p><b>Unable to forward this request at this time.</b></p>
56 verbose bad json </blockquote>
56 verbose bad json
56 verbose bad json <p>This request could not be forwarded to the origin server or to any parent caches.</p>
56 verbose bad json
56 verbose bad json <p>Some possible problems are:</p>
56 verbose bad json <ul>
56 verbose bad json <li id="network-down">An Internet connection needed to access this domains origin servers may be down.</li>
56 verbose bad json <li id="no-peer">All configured parent caches may be currently unreachable.</li>
56 verbose bad json <li id="permission-denied">The administrator may not allow this cache to make direct connections to origin servers.</li>
56 verbose bad json </ul>
56 verbose bad json
56 verbose bad json <p>Your cache administrator is <a href="mailto:webmaster?subject=CacheErrorInfo%20-%20ERR_CANNOT_FORWARD&amp;body=CacheHost%3A%20localhost%0D%0AErrPage%3A%20ERR_CANNOT_FORWARD%0D%0AErr%3A%20%5Bnone%5D%0D%0ATimeStamp%3A%20Sun,%2007%20Aug%202016%2009%3A56%3A54%20GMT%0D%0A%0D%0AClientIP%3A%20127.0.0.1%0D%0A%0D%0AHTTP%20Request%3A%0D%0AGET%20%2Fgrunt-sassyclean%20HTTP%2F1.1%0AAccept-Encoding%3A%20gzip%0D%0Aversion%3A%202.14.4%0D%0AAccept%3A%20application%2Fjson%0D%0AReferer%3A%20install%20grunt-sassyclean%0D%0Anpm-session%3A%20cfc695271627cbb8%0D%0AUser-Agent%3A%20npm%2F2.14.4%20node%2Fv0.12.0%20darwin%20x64%0D%0AHost%3A%20registry.npmjs.org%0D%0AConnection%3A%20keep-alive%0D%0A%0D%0A%0D%0A">webmaster</a>.</p>
56 verbose bad json
56 verbose bad json <br>
56 verbose bad json </div>
56 verbose bad json
56 verbose bad json <hr>
56 verbose bad json <div id="footer">
56 verbose bad json <p>Generated Sun, 07 Aug 2016 09:56:54 GMT by localhost (squid/3.4.9)</p>
56 verbose bad json <!-- ERR_CANNOT_FORWARD -->
56 verbose bad json </div>
56 verbose bad json </body></html>
57 error registry error parsing json
58 verbose headers { server: 'squid/3.4.9',
58 verbose headers   'mime-version': '1.0',
58 verbose headers   date: 'Sun, 07 Aug 2016 09:56:54 GMT',
58 verbose headers   'content-type': 'text/html',
58 verbose headers   'content-length': '3713',
58 verbose headers   'x-squid-error': 'ERR_CANNOT_FORWARD 0',
58 verbose headers   vary: 'Accept-Language',
58 verbose headers   'content-language': 'en',
58 verbose headers   'x-cache': 'MISS from localhost',
58 verbose headers   via: '1.1 localhost (squid/3.4.9)',
58 verbose headers   connection: 'keep-alive' }
59 silly get cb [ 500,
59 silly get   { server: 'squid/3.4.9',
59 silly get     'mime-version': '1.0',
59 silly get     date: 'Sun, 07 Aug 2016 09:56:54 GMT',
59 silly get     'content-type': 'text/html',
59 silly get     'content-length': '3713',
59 silly get     'x-squid-error': 'ERR_CANNOT_FORWARD 0',
59 silly get     vary: 'Accept-Language',
59 silly get     'content-language': 'en',
59 silly get     'x-cache': 'MISS from localhost',
59 silly get     via: '1.1 localhost (squid/3.4.9)',
59 silly get     connection: 'keep-alive' } ]
60 verbose stack SyntaxError: Unexpected token <
60 verbose stack <!DOCTYPE HTML PUBLIC "-//W3C//DTD HTML 4.01//EN" "http://www.w3.org/TR/html4/strict.dtd">
60 verbose stack <html><head>
60 verbose stack <meta http-equiv="Content-Type" content="text/html; charset=utf-8">
60 verbose stack <title>ERROR: The requested URL could not be retrieved</title>
60 verbose stack <style type="text/css"><!--
60 verbose stack  /*
60 verbose stack  Stylesheet for Squid Error pages
60 verbose stack  Adapted from design by Free CSS Templates
60 verbose stack  http://www.freecsstemplates.org
60 verbose stack  Released for free under a Creative Commons Attribution 2.5 License
60 verbose stack */
60 verbose stack
60 verbose stack /* Page basics */
60 verbose stack * {
60 verbose stack 	font-family: verdana, sans-serif;
60 verbose stack }
60 verbose stack
60 verbose stack html body {
60 verbose stack 	margin: 0;
60 verbose stack 	padding: 0;
60 verbose stack 	background: #efefef;
60 verbose stack 	font-size: 12px;
60 verbose stack 	color: #1e1e1e;
60 verbose stack }
60 verbose stack
60 verbose stack /* Page displayed title area */
60 verbose stack #titles {
60 verbose stack 	margin-left: 15px;
60 verbose stack 	padding: 10px;
60 verbose stack 	padding-left: 100px;
60 verbose stack 	background: url('http://www.squid-cache.org/Artwork/SN.png') no-repeat left;
60 verbose stack }
60 verbose stack
60 verbose stack /* initial title */
60 verbose stack #titles h1 {
60 verbose stack 	color: #000000;
60 verbose stack }
60 verbose stack #titles h2 {
60 verbose stack 	color: #000000;
60 verbose stack }
60 verbose stack
60 verbose stack /* special event: FTP success page titles */
60 verbose stack #titles ftpsuccess {
60 verbose stack 	background-color:#00ff00;
60 verbose stack 	width:100%;
60 verbose stack }
60 verbose stack
60 verbose stack /* Page displayed body content area */
60 verbose stack #content {
60 verbose stack 	padding: 10px;
60 verbose stack 	background: #ffffff;
60 verbose stack }
60 verbose stack
60 verbose stack /* General text */
60 verbose stack p {
60 verbose stack }
60 verbose stack
60 verbose stack /* error brief description */
60 verbose stack #error p {
60 verbose stack }
60 verbose stack
60 verbose stack /* some data which may have caused the problem */
60 verbose stack #data {
60 verbose stack }
60 verbose stack
60 verbose stack /* the error message received from the system or other software */
60 verbose stack #sysmsg {
60 verbose stack }
60 verbose stack
60 verbose stack pre {
60 verbose stack     font-family:sans-serif;
60 verbose stack }
60 verbose stack
60 verbose stack /* special event: FTP / Gopher directory listing */
60 verbose stack #dirmsg {
60 verbose stack     font-family: courier;
60 verbose stack     color: black;
60 verbose stack     font-size: 10pt;
60 verbose stack }
60 verbose stack #dirlisting {
60 verbose stack     margin-left: 2%;
60 verbose stack     margin-right: 2%;
60 verbose stack }
60 verbose stack #dirlisting tr.entry td.icon,td.filename,td.size,td.date {
60 verbose stack     border-bottom: groove;
60 verbose stack }
60 verbose stack #dirlisting td.size {
60 verbose stack     width: 50px;
60 verbose stack     text-align: right;
60 verbose stack     padding-right: 5px;
60 verbose stack }
60 verbose stack
60 verbose stack /* horizontal lines */
60 verbose stack hr {
60 verbose stack 	margin: 0;
60 verbose stack }
60 verbose stack
60 verbose stack /* page displayed footer area */
60 verbose stack #footer {
60 verbose stack 	font-size: 9px;
60 verbose stack 	padding-left: 10px;
60 verbose stack }
60 verbose stack
60 verbose stack
60 verbose stack body
60 verbose stack :lang(fa) { direction: rtl; font-size: 100%; font-family: Tahoma, Roya, sans-serif; float: right; }
60 verbose stack :lang(he) { direction: rtl; }
60 verbose stack  --></style>
60 verbose stack </head><body id=ERR_CANNOT_FORWARD>
60 verbose stack <div id="titles">
60 verbose stack <h1>ERROR</h1>
60 verbose stack <h2>The requested URL could not be retrieved</h2>
60 verbose stack </div>
60 verbose stack <hr>
60 verbose stack
60 verbose stack <div id="content">
60 verbose stack <p>The following error was encountered while trying to retrieve the URL: <a href="http://registry.npmjs.org/grunt-sassyclean">http://registry.npmjs.org/grunt-sassyclean</a></p>
60 verbose stack
60 verbose stack <blockquote id="error">
60 verbose stack <p><b>Unable to forward this request at this time.</b></p>
60 verbose stack </blockquote>
60 verbose stack
60 verbose stack <p>This request could not be forwarded to the origin server or to any parent caches.</p>
60 verbose stack
60 verbose stack <p>Some possible problems are:</p>
60 verbose stack <ul>
60 verbose stack <li id="network-down">An Internet connection needed to access this domains origin servers may be down.</li>
60 verbose stack <li id="no-peer">All configured parent caches may be currently unreachable.</li>
60 verbose stack <li id="permission-denied">The administrator may not allow this cache to make direct connections to origin servers.</li>
60 verbose stack </ul>
60 verbose stack
60 verbose stack <p>Your cache administrator is <a href="mailto:webmaster?subject=CacheErrorInfo%20-%20ERR_CANNOT_FORWARD&amp;body=CacheHost%3A%20localhost%0D%0AErrPage%3A%20ERR_CANNOT_FORWARD%0D%0AErr%3A%20%5Bnone%5D%0D%0ATimeStamp%3A%20Sun,%2007%20Aug%202016%2009%3A56%3A54%20GMT%0D%0A%0D%0AClientIP%3A%20127.0.0.1%0D%0A%0D%0AHTTP%20Request%3A%0D%0AGET%20%2Fgrunt-sassyclean%20HTTP%2F1.1%0AAccept-Encoding%3A%20gzip%0D%0Aversion%3A%202.14.4%0D%0AAccept%3A%20application%2Fjson%0D%0AReferer%3A%20install%20grunt-sassyclean%0D%0Anpm-session%3A%20cfc695271627cbb8%0D%0AUser-Agent%3A%20npm%2F2.14.4%20node%2Fv0.12.0%20darwin%20x64%0D%0AHost%3A%20registry.npmjs.org%0D%0AConnection%3A%20keep-alive%0D%0A%0D%0A%0D%0A">webmaster</a>.</p>
60 verbose stack
60 verbose stack <br>
60 verbose stack </div>
60 verbose stack
60 verbose stack <hr>
60 verbose stack <div id="footer">
60 verbose stack <p>Generated Sun, 07 Aug 2016 09:56:54 GMT by localhost (squid/3.4.9)</p>
60 verbose stack <!-- ERR_CANNOT_FORWARD -->
60 verbose stack </div>
60 verbose stack </body></html>
60 verbose stack
60 verbose stack     at Object.parse (native)
60 verbose stack     at CachingRegistryClient.<anonymous> (/usr/local/lib/node_modules/npm/node_modules/npm-registry-client/lib/request.js:198:23)
60 verbose stack     at Request._callback (/usr/local/lib/node_modules/npm/node_modules/npm-registry-client/lib/request.js:171:14)
60 verbose stack     at Request.self.callback (/usr/local/lib/node_modules/npm/node_modules/request/request.js:198:22)
60 verbose stack     at Request.emit (events.js:110:17)
60 verbose stack     at Request.<anonymous> (/usr/local/lib/node_modules/npm/node_modules/request/request.js:1073:14)
60 verbose stack     at Request.emit (events.js:129:20)
60 verbose stack     at IncomingMessage.<anonymous> (/usr/local/lib/node_modules/npm/node_modules/request/request.js:1019:12)
60 verbose stack     at IncomingMessage.emit (events.js:129:20)
60 verbose stack     at _stream_readable.js:908:16
61 verbose cwd /Users/acd818/Downloads/GotList_P-L-master 4/gotlist/AngularGotlist
62 error Darwin 15.5.0
63 error argv "node" "/usr/local/bin/npm" "install" "grunt-sassyclean" "--save-dev"
64 error node v0.12.0
65 error npm  v2.14.4
66 error Unexpected token <
66 error <!DOCTYPE HTML PUBLIC "-//W3C//DTD HTML 4.01//EN" "http://www.w3.org/TR/html4/strict.dtd">
66 error <html><head>
66 error <meta http-equiv="Content-Type" content="text/html; charset=utf-8">
66 error <title>ERROR: The requested URL could not be retrieved</title>
66 error <style type="text/css"><!--
66 error  /*
66 error  Stylesheet for Squid Error pages
66 error  Adapted from design by Free CSS Templates
66 error  http://www.freecsstemplates.org
66 error  Released for free under a Creative Commons Attribution 2.5 License
66 error */
66 error
66 error /* Page basics */
66 error * {
66 error 	font-family: verdana, sans-serif;
66 error }
66 error
66 error html body {
66 error 	margin: 0;
66 error 	padding: 0;
66 error 	background: #efefef;
66 error 	font-size: 12px;
66 error 	color: #1e1e1e;
66 error }
66 error
66 error /* Page displayed title area */
66 error #titles {
66 error 	margin-left: 15px;
66 error 	padding: 10px;
66 error 	padding-left: 100px;
66 error 	background: url('http://www.squid-cache.org/Artwork/SN.png') no-repeat left;
66 error }
66 error
66 error /* initial title */
66 error #titles h1 {
66 error 	color: #000000;
66 error }
66 error #titles h2 {
66 error 	color: #000000;
66 error }
66 error
66 error /* special event: FTP success page titles */
66 error #titles ftpsuccess {
66 error 	background-color:#00ff00;
66 error 	width:100%;
66 error }
66 error
66 error /* Page displayed body content area */
66 error #content {
66 error 	padding: 10px;
66 error 	background: #ffffff;
66 error }
66 error
66 error /* General text */
66 error p {
66 error }
66 error
66 error /* error brief description */
66 error #error p {
66 error }
66 error
66 error /* some data which may have caused the problem */
66 error #data {
66 error }
66 error
66 error /* the error message received from the system or other software */
66 error #sysmsg {
66 error }
66 error
66 error pre {
66 error     font-family:sans-serif;
66 error }
66 error
66 error /* special event: FTP / Gopher directory listing */
66 error #dirmsg {
66 error     font-family: courier;
66 error     color: black;
66 error     font-size: 10pt;
66 error }
66 error #dirlisting {
66 error     margin-left: 2%;
66 error     margin-right: 2%;
66 error }
66 error #dirlisting tr.entry td.icon,td.filename,td.size,td.date {
66 error     border-bottom: groove;
66 error }
66 error #dirlisting td.size {
66 error     width: 50px;
66 error     text-align: right;
66 error     padding-right: 5px;
66 error }
66 error
66 error /* horizontal lines */
66 error hr {
66 error 	margin: 0;
66 error }
66 error
66 error /* page displayed footer area */
66 error #footer {
66 error 	font-size: 9px;
66 error 	padding-left: 10px;
66 error }
66 error
66 error
66 error body
66 error :lang(fa) { direction: rtl; font-size: 100%; font-family: Tahoma, Roya, sans-serif; float: right; }
66 error :lang(he) { direction: rtl; }
66 error  --></style>
66 error </head><body id=ERR_CANNOT_FORWARD>
66 error <div id="titles">
66 error <h1>ERROR</h1>
66 error <h2>The requested URL could not be retrieved</h2>
66 error </div>
66 error <hr>
66 error
66 error <div id="content">
66 error <p>The following error was encountered while trying to retrieve the URL: <a href="http://registry.npmjs.org/grunt-sassyclean">http://registry.npmjs.org/grunt-sassyclean</a></p>
66 error
66 error <blockquote id="error">
66 error <p><b>Unable to forward this request at this time.</b></p>
66 error </blockquote>
66 error
66 error <p>This request could not be forwarded to the origin server or to any parent caches.</p>
66 error
66 error <p>Some possible problems are:</p>
66 error <ul>
66 error <li id="network-down">An Internet connection needed to access this domains origin servers may be down.</li>
66 error <li id="no-peer">All configured parent caches may be currently unreachable.</li>
66 error <li id="permission-denied">The administrator may not allow this cache to make direct connections to origin servers.</li>
66 error </ul>
66 error
66 error <p>Your cache administrator is <a href="mailto:webmaster?subject=CacheErrorInfo%20-%20ERR_CANNOT_FORWARD&amp;body=CacheHost%3A%20localhost%0D%0AErrPage%3A%20ERR_CANNOT_FORWARD%0D%0AErr%3A%20%5Bnone%5D%0D%0ATimeStamp%3A%20Sun,%2007%20Aug%202016%2009%3A56%3A54%20GMT%0D%0A%0D%0AClientIP%3A%20127.0.0.1%0D%0A%0D%0AHTTP%20Request%3A%0D%0AGET%20%2Fgrunt-sassyclean%20HTTP%2F1.1%0AAccept-Encoding%3A%20gzip%0D%0Aversion%3A%202.14.4%0D%0AAccept%3A%20application%2Fjson%0D%0AReferer%3A%20install%20grunt-sassyclean%0D%0Anpm-session%3A%20cfc695271627cbb8%0D%0AUser-Agent%3A%20npm%2F2.14.4%20node%2Fv0.12.0%20darwin%20x64%0D%0AHost%3A%20registry.npmjs.org%0D%0AConnection%3A%20keep-alive%0D%0A%0D%0A%0D%0A">webmaster</a>.</p>
66 error
66 error <br>
66 error </div>
66 error
66 error <hr>
66 error <div id="footer">
66 error <p>Generated Sun, 07 Aug 2016 09:56:54 GMT by localhost (squid/3.4.9)</p>
66 error <!-- ERR_CANNOT_FORWARD -->
66 error </div>
66 error </body></html>
67 error If you need help, you may report this error at:
67 error     <https://github.com/npm/npm/issues>
68 verbose exit [ 1, true ]
